<?xml version="1.0" encoding="UTF-8"?>
<testsuite xmlns:xsi="http://www.w3.org/2001/XMLSchema-instance" xsi:noNamespaceSchemaLocation="https://maven.apache.org/surefire/maven-surefire-plugin/xsd/surefire-test-report.xsd" version="3.0.2" name="pe.resteban.events.rest.EventControllerIT" time="36.96" tests="2" errors="0" skipped="0" failures="0" flakes="0">
  <properties>
[...]
</properties>
  <testcase name="postKafkaEvent_shouldReturn2xx" classname="pe.resteban.events.rest.EventControllerIT" time="2.152">
    <system-out><![CDATA[21:07:04.329 [main] INFO org.testcontainers.images.PullPolicy -- Image pull policy will be performed by: DefaultPullPolicy()
21:07:04.332 [main] INFO org.testcontainers.utility.ImageNameSubstitutor -- Image name substitution will be performed by: DefaultImageNameSubstitutor (composite of 'ConfigurationFileImageNameSubstitutor' and 'PrefixingImageNameSubstitutor')
21:07:04.397 [main] INFO org.testcontainers.DockerClientFactory -- Testcontainers version: 1.21.4
21:07:04.797 [main] INFO org.testcontainers.dockerclient.DockerClientProviderStrategy -- Loaded org.testcontainers.dockerclient.NpipeSocketClientProviderStrategy from ~/.testcontainers.properties, will try it first
21:07:05.207 [main] INFO org.testcontainers.dockerclient.DockerClientProviderStrategy -- Found Docker environment with local Npipe socket (npipe:////./pipe/docker_engine)
21:07:05.208 [main] INFO org.testcontainers.DockerClientFactory -- Docker host IP address is localhost
21:07:05.233 [main] INFO org.testcontainers.DockerClientFactory -- Connected to docker: 
  Server Version: 29.2.1
  API Version: 1.53
  Operating System: Docker Desktop
  Total Memory: 3917 MB
  Labels: 
    com.docker.desktop.address=npipe://\\.\pipe\docker_cli
21:07:05.437 [main] INFO tc.testcontainers/ryuk:0.12.0 -- Creating container for image: testcontainers/ryuk:0.12.0
21:07:05.679 [main] INFO org.testcontainers.utility.RegistryAuthLocator -- Credential helper/store (docker-credential-desktop) does not have credentials for https://index.docker.io/v1/
21:07:05.889 [main] INFO tc.testcontainers/ryuk:0.12.0 -- Container testcontainers/ryuk:0.12.0 is starting: 4cc8b037c3b76802a5f0947a2b9f414875547a289b8a8421443d22d4f90af5f2
21:07:06.533 [main] INFO tc.testcontainers/ryuk:0.12.0 -- Container testcontainers/ryuk:0.12.0 started in PT1.0955795S
21:07:06.549 [main] INFO org.testcontainers.utility.RyukResourceReaper -- Ryuk started - will monitor and terminate Testcontainers containers on JVM exit
21:07:06.549 [main] INFO org.testcontainers.DockerClientFactory -- Checking the system...
21:07:06.551 [main] INFO org.testcontainers.DockerClientFactory -- ✔︎ Docker server version should be at least 1.6.0
21:07:06.552 [main] INFO tc.rabbitmq:3.13-management-alpine -- Creating container for image: rabbitmq:3.13-management-alpine
21:07:06.672 [main] INFO tc.rabbitmq:3.13-management-alpine -- Container rabbitmq:3.13-management-alpine is starting: 1edd1b1a7e6c24a7792d94d7f5ef1db7b66bfa280288546f3649ec1fb1ff8b33
21:07:16.957 [main] INFO tc.rabbitmq:3.13-management-alpine -- Container rabbitmq:3.13-management-alpine started in PT10.4054676S
21:07:16.959 [main] INFO tc.confluentinc/cp-kafka:7.6.0 -- Creating container for image: confluentinc/cp-kafka:7.6.0
21:07:17.051 [main] INFO tc.confluentinc/cp-kafka:7.6.0 -- Container confluentinc/cp-kafka:7.6.0 is starting: fc4e9aa402559a9410cb100daffad5afd7ca677d090993f68c14c934e6bf0836
21:07:25.531 [main] INFO tc.confluentinc/cp-kafka:7.6.0 -- Container confluentinc/cp-kafka:7.6.0 started in PT8.5722511S
21:07:25.771 [main] INFO org.springframework.test.context.support.AnnotationConfigContextLoaderUtils -- Could not detect default configuration classes for test class [pe.resteban.events.rest.EventControllerIT]: EventControllerIT does not declare any static, non-private, non-final, nested classes annotated with @Configuration.
21:07:26.356 [main] INFO org.springframework.boot.test.context.SpringBootTestContextBootstrapper -- Found @SpringBootConfiguration pe.resteban.events.EventDrivenStarterApplication for test class pe.resteban.events.rest.EventControllerIT

  .   ____          _            __ _ _
 /\\ / ___'_ __ _ _(_)_ __  __ _ \ \ \ \
( ( )\___ | '_ | '_| | '_ \/ _` | \ \ \ \
 \\/  ___)| |_)| | | | | || (_| |  ) ) ) )
  '  |____| .__|_| |_|_| |_\__, | / / / /
 =========|_|==============|___/=/_/_/_/

 :: Spring Boot ::               (v3.5.13)

2026-03-30T21:07:27.667-05:00  INFO 25280 --- [event-driven-starter] [           main] p.r.events.rest.EventControllerIT        : Starting EventControllerIT using Java 21.0.10 with PID 25280 (started by reste in D:\Proyectos\TICs\event-driven-starter)
2026-03-30T21:07:27.670-05:00 DEBUG 25280 --- [event-driven-starter] [           main] p.r.events.rest.EventControllerIT        : Running with Spring Boot v3.5.13, Spring v6.2.17
2026-03-30T21:07:27.671-05:00  INFO 25280 --- [event-driven-starter] [           main] p.r.events.rest.EventControllerIT        : The following 1 profile is active: "dev"
2026-03-30T21:07:31.562-05:00  INFO 25280 --- [event-driven-starter] [           main] o.s.b.w.embedded.tomcat.TomcatWebServer  : Tomcat initialized with port 0 (http)
2026-03-30T21:07:31.596-05:00  INFO 25280 --- [event-driven-starter] [           main] o.apache.catalina.core.StandardService   : Starting service [Tomcat]
2026-03-30T21:07:31.597-05:00  INFO 25280 --- [event-driven-starter] [           main] o.apache.catalina.core.StandardEngine    : Starting Servlet engine: [Apache Tomcat/10.1.53]
2026-03-30T21:07:31.775-05:00  INFO 25280 --- [event-driven-starter] [           main] o.a.c.c.C.[Tomcat].[localhost].[/]       : Initializing Spring embedded WebApplicationContext
2026-03-30T21:07:31.777-05:00  INFO 25280 --- [event-driven-starter] [           main] w.s.c.ServletWebServerApplicationContext : Root WebApplicationContext: initialization completed in 4069 ms
2026-03-30T21:07:34.514-05:00  INFO 25280 --- [event-driven-starter] [           main] o.s.b.a.e.web.EndpointLinksResolver      : Exposing 3 endpoints beneath base path '/actuator'
2026-03-30T21:07:35.008-05:00  INFO 25280 --- [event-driven-starter] [           main] o.a.k.clients.admin.AdminClientConfig    : AdminClientConfig values: 
	auto.include.jmx.reporter = true
	bootstrap.controllers = []
	bootstrap.servers = [PLAINTEXT://localhost:53917]
	client.dns.lookup = use_all_dns_ips
	client.id = event-driven-starter-admin-0
	connections.max.idle.ms = 300000
	default.api.timeout.ms = 60000
	enable.metrics.push = true
	metadata.max.age.ms = 300000
	metadata.recovery.strategy = none
	metric.reporters = []
	metrics.num.samples = 2
	metrics.recording.level = INFO
	metrics.sample.window.ms = 30000
	receive.buffer.bytes = 65536
	reconnect.backoff.max.ms = 1000
	reconnect.backoff.ms = 50
	request.timeout.ms = 30000
	retries = 2147483647
	retry.backoff.max.ms = 1000
	retry.backoff.ms = 100
	sasl.client.callback.handler.class = null
	sasl.jaas.config = null
	sasl.kerberos.kinit.cmd = /usr/bin/kinit
	sasl.kerberos.min.time.before.relogin = 60000
	sasl.kerberos.service.name = null
	sasl.kerberos.ticket.renew.jitter = 0.05
	sasl.kerberos.ticket.renew.window.factor = 0.8
	sasl.login.callback.handler.class = null
	sasl.login.class = null
	sasl.login.connect.timeout.ms = null
	sasl.login.read.timeout.ms = null
	sasl.login.refresh.buffer.seconds = 300
	sasl.login.refresh.min.period.seconds = 60
	sasl.login.refresh.window.factor = 0.8
	sasl.login.refresh.window.jitter = 0.05
	sasl.login.retry.backoff.max.ms = 10000
	sasl.login.retry.backoff.ms = 100
	sasl.mechanism = GSSAPI
	sasl.oauthbearer.clock.skew.seconds = 30
	sasl.oauthbearer.expected.audience = null
	sasl.oauthbearer.expected.issuer = null
	sasl.oauthbearer.header.urlencode = false
	sasl.oauthbearer.jwks.endpoint.refresh.ms = 3600000
	sasl.oauthbearer.jwks.endpoint.retry.backoff.max.ms = 10000
	sasl.oauthbearer.jwks.endpoint.retry.backoff.ms = 100
	sasl.oauthbearer.jwks.endpoint.url = null
	sasl.oauthbearer.scope.claim.name = scope
	sasl.oauthbearer.sub.claim.name = sub
	sasl.oauthbearer.token.endpoint.url = null
	security.protocol = PLAINTEXT
	security.providers = null
	send.buffer.bytes = 131072
	socket.connection.setup.timeout.max.ms = 30000
	socket.connection.setup.timeout.ms = 10000
	ssl.cipher.suites = null
	ssl.enabled.protocols = [TLSv1.2, TLSv1.3]
	ssl.endpoint.identification.algorithm = https
	ssl.engine.factory.class = null
	ssl.key.password = null
	ssl.keymanager.algorithm = SunX509
	ssl.keystore.certificate.chain = null
	ssl.keystore.key = null
	ssl.keystore.location = null
	ssl.keystore.password = null
	ssl.keystore.type = JKS
	ssl.protocol = TLSv1.3
	ssl.provider = null
	ssl.secure.random.implementation = null
	ssl.trustmanager.algorithm = PKIX
	ssl.truststore.certificates = null
	ssl.truststore.location = null
	ssl.truststore.password = null
	ssl.truststore.type = JKS

2026-03-30T21:07:35.355-05:00  INFO 25280 --- [event-driven-starter] [           main] o.a.kafka.common.utils.AppInfoParser     : Kafka version: 3.9.2
2026-03-30T21:07:35.355-05:00  INFO 25280 --- [event-driven-starter] [           main] o.a.kafka.common.utils.AppInfoParser     : Kafka commitId: 5e9866f43ab8e7e4
2026-03-30T21:07:35.355-05:00  INFO 25280 --- [event-driven-starter] [           main] o.a.kafka.common.utils.AppInfoParser     : Kafka startTimeMs: 1774922855352
2026-03-30T21:07:37.094-05:00  INFO 25280 --- [event-driven-starter] [starter-admin-0] o.a.kafka.common.utils.AppInfoParser     : App info kafka.admin.client for event-driven-starter-admin-0 unregistered
2026-03-30T21:07:37.106-05:00  INFO 25280 --- [event-driven-starter] [starter-admin-0] o.apache.kafka.common.metrics.Metrics    : Metrics scheduler closed
2026-03-30T21:07:37.107-05:00  INFO 25280 --- [event-driven-starter] [starter-admin-0] o.apache.kafka.common.metrics.Metrics    : Closing reporter org.apache.kafka.common.metrics.JmxReporter
2026-03-30T21:07:37.107-05:00  INFO 25280 --- [event-driven-starter] [starter-admin-0] o.apache.kafka.common.metrics.Metrics    : Metrics reporters closed
2026-03-30T21:07:37.158-05:00  INFO 25280 --- [event-driven-starter] [           main] o.s.b.w.embedded.tomcat.TomcatWebServer  : Tomcat started on port 53930 (http) with context path '/'
2026-03-30T21:07:37.205-05:00  INFO 25280 --- [event-driven-starter] [           main] o.a.k.clients.consumer.ConsumerConfig    : ConsumerConfig values: 
	allow.auto.create.topics = true
	auto.commit.interval.ms = 5000
	auto.include.jmx.reporter = true
	auto.offset.reset = earliest
	bootstrap.servers = [PLAINTEXT://localhost:53917]
	check.crcs = true
	client.dns.lookup = use_all_dns_ips
	client.id = consumer-event-driven-starter-1
	client.rack = 
	connections.max.idle.ms = 540000
	default.api.timeout.ms = 60000
	enable.auto.commit = false
	enable.metrics.push = true
	exclude.internal.topics = true
	fetch.max.bytes = 52428800
	fetch.max.wait.ms = 500
	fetch.min.bytes = 1
	group.id = event-driven-starter
	group.instance.id = null
	group.protocol = classic
	group.remote.assignor = null
	heartbeat.interval.ms = 3000
	interceptor.classes = []
	internal.leave.group.on.close = true
	internal.throw.on.fetch.stable.offset.unsupported = false
	isolation.level = read_uncommitted
	key.deserializer = class org.apache.kafka.common.serialization.StringDeserializer
	max.partition.fetch.bytes = 1048576
	max.poll.interval.ms = 300000
	max.poll.records = 500
	metadata.max.age.ms = 300000
	metadata.recovery.strategy = none
	metric.reporters = []
	metrics.num.samples = 2
	metrics.recording.level = INFO
	metrics.sample.window.ms = 30000
	partition.assignment.strategy = [class org.apache.kafka.clients.consumer.RangeAssignor, class org.apache.kafka.clients.consumer.CooperativeStickyAssignor]
	receive.buffer.bytes = 65536
	reconnect.backoff.max.ms = 1000
	reconnect.backoff.ms = 50
	request.timeout.ms = 30000
	retry.backoff.max.ms = 1000
	retry.backoff.ms = 100
	sasl.client.callback.handler.class = null
	sasl.jaas.config = null
	sasl.kerberos.kinit.cmd = /usr/bin/kinit
	sasl.kerberos.min.time.before.relogin = 60000
	sasl.kerberos.service.name = null
	sasl.kerberos.ticket.renew.jitter = 0.05
	sasl.kerberos.ticket.renew.window.factor = 0.8
	sasl.login.callback.handler.class = null
	sasl.login.class = null
	sasl.login.connect.timeout.ms = null
	sasl.login.read.timeout.ms = null
	sasl.login.refresh.buffer.seconds = 300
	sasl.login.refresh.min.period.seconds = 60
	sasl.login.refresh.window.factor = 0.8
	sasl.login.refresh.window.jitter = 0.05
	sasl.login.retry.backoff.max.ms = 10000
	sasl.login.retry.backoff.ms = 100
	sasl.mechanism = GSSAPI
	sasl.oauthbearer.clock.skew.seconds = 30
	sasl.oauthbearer.expected.audience = null
	sasl.oauthbearer.expected.issuer = null
	sasl.oauthbearer.header.urlencode = false
	sasl.oauthbearer.jwks.endpoint.refresh.ms = 3600000
	sasl.oauthbearer.jwks.endpoint.retry.backoff.max.ms = 10000
	sasl.oauthbearer.jwks.endpoint.retry.backoff.ms = 100
	sasl.oauthbearer.jwks.endpoint.url = null
	sasl.oauthbearer.scope.claim.name = scope
	sasl.oauthbearer.sub.claim.name = sub
	sasl.oauthbearer.token.endpoint.url = null
	security.protocol = PLAINTEXT
	security.providers = null
	send.buffer.bytes = 131072
	session.timeout.ms = 45000
	socket.connection.setup.timeout.max.ms = 30000
	socket.connection.setup.timeout.ms = 10000
	ssl.cipher.suites = null
	ssl.enabled.protocols = [TLSv1.2, TLSv1.3]
	ssl.endpoint.identification.algorithm = https
	ssl.engine.factory.class = null
	ssl.key.password = null
	ssl.keymanager.algorithm = SunX509
	ssl.keystore.certificate.chain = null
	ssl.keystore.key = null
	ssl.keystore.location = null
	ssl.keystore.password = null
	ssl.keystore.type = JKS
	ssl.protocol = TLSv1.3
	ssl.provider = null
	ssl.secure.random.implementation = null
	ssl.trustmanager.algorithm = PKIX
	ssl.truststore.certificates = null
	ssl.truststore.location = null
	ssl.truststore.password = null
	ssl.truststore.type = JKS
	value.deserializer = class org.springframework.kafka.support.serializer.JsonDeserializer

2026-03-30T21:07:37.284-05:00  INFO 25280 --- [event-driven-starter] [           main] o.a.k.c.t.i.KafkaMetricsCollector        : initializing Kafka metrics collector
2026-03-30T21:07:37.494-05:00  INFO 25280 --- [event-driven-starter] [           main] o.a.kafka.common.utils.AppInfoParser     : Kafka version: 3.9.2
2026-03-30T21:07:37.494-05:00  INFO 25280 --- [event-driven-starter] [           main] o.a.kafka.common.utils.AppInfoParser     : Kafka commitId: 5e9866f43ab8e7e4
2026-03-30T21:07:37.495-05:00  INFO 25280 --- [event-driven-starter] [           main] o.a.kafka.common.utils.AppInfoParser     : Kafka startTimeMs: 1774922857493
2026-03-30T21:07:37.500-05:00  INFO 25280 --- [event-driven-starter] [           main] o.a.k.c.c.i.ClassicKafkaConsumer         : [Consumer clientId=consumer-event-driven-starter-1, groupId=event-driven-starter] Subscribed to topic(s): orders-topic-dlt
2026-03-30T21:07:37.532-05:00  INFO 25280 --- [event-driven-starter] [           main] o.a.k.clients.consumer.ConsumerConfig    : ConsumerConfig values: 
	allow.auto.create.topics = true
	auto.commit.interval.ms = 5000
	auto.include.jmx.reporter = true
	auto.offset.reset = earliest
	bootstrap.servers = [PLAINTEXT://localhost:53917]
	check.crcs = true
	client.dns.lookup = use_all_dns_ips
	client.id = consumer-event-driven-starter-2
	client.rack = 
	connections.max.idle.ms = 540000
	default.api.timeout.ms = 60000
	enable.auto.commit = false
	enable.metrics.push = true
	exclude.internal.topics = true
	fetch.max.bytes = 52428800
	fetch.max.wait.ms = 500
	fetch.min.bytes = 1
	group.id = event-driven-starter
	group.instance.id = null
	group.protocol = classic
	group.remote.assignor = null
	heartbeat.interval.ms = 3000
	interceptor.classes = []
	internal.leave.group.on.close = true
	internal.throw.on.fetch.stable.offset.unsupported = false
	isolation.level = read_uncommitted
	key.deserializer = class org.apache.kafka.common.serialization.StringDeserializer
	max.partition.fetch.bytes = 1048576
	max.poll.interval.ms = 300000
	max.poll.records = 500
	metadata.max.age.ms = 300000
	metadata.recovery.strategy = none
	metric.reporters = []
	metrics.num.samples = 2
	metrics.recording.level = INFO
	metrics.sample.window.ms = 30000
	partition.assignment.strategy = [class org.apache.kafka.clients.consumer.RangeAssignor, class org.apache.kafka.clients.consumer.CooperativeStickyAssignor]
	receive.buffer.bytes = 65536
	reconnect.backoff.max.ms = 1000
	reconnect.backoff.ms = 50
	request.timeout.ms = 30000
	retry.backoff.max.ms = 1000
	retry.backoff.ms = 100
	sasl.client.callback.handler.class = null
	sasl.jaas.config = null
	sasl.kerberos.kinit.cmd = /usr/bin/kinit
	sasl.kerberos.min.time.before.relogin = 60000
	sasl.kerberos.service.name = null
	sasl.kerberos.ticket.renew.jitter = 0.05
	sasl.kerberos.ticket.renew.window.factor = 0.8
	sasl.login.callback.handler.class = null
	sasl.login.class = null
	sasl.login.connect.timeout.ms = null
	sasl.login.read.timeout.ms = null
	sasl.login.refresh.buffer.seconds = 300
	sasl.login.refresh.min.period.seconds = 60
	sasl.login.refresh.window.factor = 0.8
	sasl.login.refresh.window.jitter = 0.05
	sasl.login.retry.backoff.max.ms = 10000
	sasl.login.retry.backoff.ms = 100
	sasl.mechanism = GSSAPI
	sasl.oauthbearer.clock.skew.seconds = 30
	sasl.oauthbearer.expected.audience = null
	sasl.oauthbearer.expected.issuer = null
	sasl.oauthbearer.header.urlencode = false
	sasl.oauthbearer.jwks.endpoint.refresh.ms = 3600000
	sasl.oauthbearer.jwks.endpoint.retry.backoff.max.ms = 10000
	sasl.oauthbearer.jwks.endpoint.retry.backoff.ms = 100
	sasl.oauthbearer.jwks.endpoint.url = null
	sasl.oauthbearer.scope.claim.name = scope
	sasl.oauthbearer.sub.claim.name = sub
	sasl.oauthbearer.token.endpoint.url = null
	security.protocol = PLAINTEXT
	security.providers = null
	send.buffer.bytes = 131072
	session.timeout.ms = 45000
	socket.connection.setup.timeout.max.ms = 30000
	socket.connection.setup.timeout.ms = 10000
	ssl.cipher.suites = null
	ssl.enabled.protocols = [TLSv1.2, TLSv1.3]
	ssl.endpoint.identification.algorithm = https
	ssl.engine.factory.class = null
	ssl.key.password = null
	ssl.keymanager.algorithm = SunX509
	ssl.keystore.certificate.chain = null
	ssl.keystore.key = null
	ssl.keystore.location = null
	ssl.keystore.password = null
	ssl.keystore.type = JKS
	ssl.protocol = TLSv1.3
	ssl.provider = null
	ssl.secure.random.implementation = null
	ssl.trustmanager.algorithm = PKIX
	ssl.truststore.certificates = null
	ssl.truststore.location = null
	ssl.truststore.password = null
	ssl.truststore.type = JKS
	value.deserializer = class org.springframework.kafka.support.serializer.JsonDeserializer

2026-03-30T21:07:37.535-05:00  INFO 25280 --- [event-driven-starter] [           main] o.a.k.c.t.i.KafkaMetricsCollector        : initializing Kafka metrics collector
2026-03-30T21:07:37.570-05:00  INFO 25280 --- [event-driven-starter] [           main] o.a.kafka.common.utils.AppInfoParser     : Kafka version: 3.9.2
2026-03-30T21:07:37.571-05:00  INFO 25280 --- [event-driven-starter] [           main] o.a.kafka.common.utils.AppInfoParser     : Kafka commitId: 5e9866f43ab8e7e4
2026-03-30T21:07:37.571-05:00  INFO 25280 --- [event-driven-starter] [           main] o.a.kafka.common.utils.AppInfoParser     : Kafka startTimeMs: 1774922857570
2026-03-30T21:07:37.572-05:00  INFO 25280 --- [event-driven-starter] [           main] o.a.k.c.c.i.ClassicKafkaConsumer         : [Consumer clientId=consumer-event-driven-starter-2, groupId=event-driven-starter] Subscribed to topic(s): orders-topic
2026-03-30T21:07:37.580-05:00  INFO 25280 --- [event-driven-starter] [           main] o.a.k.clients.consumer.ConsumerConfig    : ConsumerConfig values: 
	allow.auto.create.topics = true
	auto.commit.interval.ms = 5000
	auto.include.jmx.reporter = true
	auto.offset.reset = earliest
	bootstrap.servers = [PLAINTEXT://localhost:53917]
	check.crcs = true
	client.dns.lookup = use_all_dns_ips
	client.id = consumer-event-driven-starter-3
	client.rack = 
	connections.max.idle.ms = 540000
	default.api.timeout.ms = 60000
	enable.auto.commit = false
	enable.metrics.push = true
	exclude.internal.topics = true
	fetch.max.bytes = 52428800
	fetch.max.wait.ms = 500
	fetch.min.bytes = 1
	group.id = event-driven-starter
	group.instance.id = null
	group.protocol = classic
	group.remote.assignor = null
	heartbeat.interval.ms = 3000
	interceptor.classes = []
	internal.leave.group.on.close = true
	internal.throw.on.fetch.stable.offset.unsupported = false
	isolation.level = read_uncommitted
	key.deserializer = class org.apache.kafka.common.serialization.StringDeserializer
	max.partition.fetch.bytes = 1048576
	max.poll.interval.ms = 300000
	max.poll.records = 500
	metadata.max.age.ms = 300000
	metadata.recovery.strategy = none
	metric.reporters = []
	metrics.num.samples = 2
	metrics.recording.level = INFO
	metrics.sample.window.ms = 30000
	partition.assignment.strategy = [class org.apache.kafka.clients.consumer.RangeAssignor, class org.apache.kafka.clients.consumer.CooperativeStickyAssignor]
	receive.buffer.bytes = 65536
	reconnect.backoff.max.ms = 1000
	reconnect.backoff.ms = 50
	request.timeout.ms = 30000
	retry.backoff.max.ms = 1000
	retry.backoff.ms = 100
	sasl.client.callback.handler.class = null
	sasl.jaas.config = null
	sasl.kerberos.kinit.cmd = /usr/bin/kinit
	sasl.kerberos.min.time.before.relogin = 60000
	sasl.kerberos.service.name = null
	sasl.kerberos.ticket.renew.jitter = 0.05
	sasl.kerberos.ticket.renew.window.factor = 0.8
	sasl.login.callback.handler.class = null
	sasl.login.class = null
	sasl.login.connect.timeout.ms = null
	sasl.login.read.timeout.ms = null
	sasl.login.refresh.buffer.seconds = 300
	sasl.login.refresh.min.period.seconds = 60
	sasl.login.refresh.window.factor = 0.8
	sasl.login.refresh.window.jitter = 0.05
	sasl.login.retry.backoff.max.ms = 10000
	sasl.login.retry.backoff.ms = 100
	sasl.mechanism = GSSAPI
	sasl.oauthbearer.clock.skew.seconds = 30
	sasl.oauthbearer.expected.audience = null
	sasl.oauthbearer.expected.issuer = null
	sasl.oauthbearer.header.urlencode = false
	sasl.oauthbearer.jwks.endpoint.refresh.ms = 3600000
	sasl.oauthbearer.jwks.endpoint.retry.backoff.max.ms = 10000
	sasl.oauthbearer.jwks.endpoint.retry.backoff.ms = 100
	sasl.oauthbearer.jwks.endpoint.url = null
	sasl.oauthbearer.scope.claim.name = scope
	sasl.oauthbearer.sub.claim.name = sub
	sasl.oauthbearer.token.endpoint.url = null
	security.protocol = PLAINTEXT
	security.providers = null
	send.buffer.bytes = 131072
	session.timeout.ms = 45000
	socket.connection.setup.timeout.max.ms = 30000
	socket.connection.setup.timeout.ms = 10000
	ssl.cipher.suites = null
	ssl.enabled.protocols = [TLSv1.2, TLSv1.3]
	ssl.endpoint.identification.algorithm = https
	ssl.engine.factory.class = null
	ssl.key.password = null
	ssl.keymanager.algorithm = SunX509
	ssl.keystore.certificate.chain = null
	ssl.keystore.key = null
	ssl.keystore.location = null
	ssl.keystore.password = null
	ssl.keystore.type = JKS
	ssl.protocol = TLSv1.3
	ssl.provider = null
	ssl.secure.random.implementation = null
	ssl.trustmanager.algorithm = PKIX
	ssl.truststore.certificates = null
	ssl.truststore.location = null
	ssl.truststore.password = null
	ssl.truststore.type = JKS
	value.deserializer = class org.springframework.kafka.support.serializer.JsonDeserializer

2026-03-30T21:07:37.581-05:00  INFO 25280 --- [event-driven-starter] [           main] o.a.k.c.t.i.KafkaMetricsCollector        : initializing Kafka metrics collector
2026-03-30T21:07:37.602-05:00  INFO 25280 --- [event-driven-starter] [           main] o.a.kafka.common.utils.AppInfoParser     : Kafka version: 3.9.2
2026-03-30T21:07:37.603-05:00  INFO 25280 --- [event-driven-starter] [           main] o.a.kafka.common.utils.AppInfoParser     : Kafka commitId: 5e9866f43ab8e7e4
2026-03-30T21:07:37.603-05:00  INFO 25280 --- [event-driven-starter] [           main] o.a.kafka.common.utils.AppInfoParser     : Kafka startTimeMs: 1774922857602
2026-03-30T21:07:37.604-05:00  INFO 25280 --- [event-driven-starter] [           main] o.a.k.c.c.i.ClassicKafkaConsumer         : [Consumer clientId=consumer-event-driven-starter-3, groupId=event-driven-starter] Subscribed to topic(s): orders-topic-retry
2026-03-30T21:07:37.618-05:00  INFO 25280 --- [event-driven-starter] [ner#0-dlt-0-C-1] org.apache.kafka.clients.Metadata        : [Consumer clientId=consumer-event-driven-starter-1, groupId=event-driven-starter] Cluster ID: 4kpi4NU_Rvaf5kmh4CQ2hg
2026-03-30T21:07:37.619-05:00  INFO 25280 --- [event-driven-starter] [ntainer#0-0-C-1] org.apache.kafka.clients.Metadata        : [Consumer clientId=consumer-event-driven-starter-2, groupId=event-driven-starter] Cluster ID: 4kpi4NU_Rvaf5kmh4CQ2hg
2026-03-30T21:07:37.619-05:00  INFO 25280 --- [event-driven-starter] [           main] o.s.a.r.c.CachingConnectionFactory       : Attempting to connect to: [localhost:53910]
2026-03-30T21:07:37.635-05:00  INFO 25280 --- [event-driven-starter] [r#0-retry-0-C-1] org.apache.kafka.clients.Metadata        : [Consumer clientId=consumer-event-driven-starter-3, groupId=event-driven-starter] Cluster ID: 4kpi4NU_Rvaf5kmh4CQ2hg
2026-03-30T21:07:37.738-05:00  INFO 25280 --- [event-driven-starter] [           main] o.s.a.r.c.CachingConnectionFactory       : Created new connection: rabbitConnectionFactory#66a8ff6d:0/SimpleConnection@798753cc [delegate=amqp://guest@127.0.0.1:53910/, localPort=53934]
2026-03-30T21:07:37.757-05:00  INFO 25280 --- [event-driven-starter] [ner#0-dlt-0-C-1] o.a.k.c.c.internals.ConsumerCoordinator  : [Consumer clientId=consumer-event-driven-starter-1, groupId=event-driven-starter] Discovered group coordinator localhost:53917 (id: 2147483646 rack: null)
2026-03-30T21:07:37.763-05:00  INFO 25280 --- [event-driven-starter] [r#0-retry-0-C-1] o.a.k.c.c.internals.ConsumerCoordinator  : [Consumer clientId=consumer-event-driven-starter-3, groupId=event-driven-starter] Discovered group coordinator localhost:53917 (id: 2147483646 rack: null)
2026-03-30T21:07:37.767-05:00  INFO 25280 --- [event-driven-starter] [ner#0-dlt-0-C-1] o.a.k.c.c.internals.ConsumerCoordinator  : [Consumer clientId=consumer-event-driven-starter-1, groupId=event-driven-starter] (Re-)joining group
2026-03-30T21:07:37.768-05:00  INFO 25280 --- [event-driven-starter] [r#0-retry-0-C-1] o.a.k.c.c.internals.ConsumerCoordinator  : [Consumer clientId=consumer-event-driven-starter-3, groupId=event-driven-starter] (Re-)joining group
2026-03-30T21:07:37.770-05:00  INFO 25280 --- [event-driven-starter] [ntainer#0-0-C-1] o.a.k.c.c.internals.ConsumerCoordinator  : [Consumer clientId=consumer-event-driven-starter-2, groupId=event-driven-starter] Discovered group coordinator localhost:53917 (id: 2147483646 rack: null)
2026-03-30T21:07:37.773-05:00  INFO 25280 --- [event-driven-starter] [ntainer#0-0-C-1] o.a.k.c.c.internals.ConsumerCoordinator  : [Consumer clientId=consumer-event-driven-starter-2, groupId=event-driven-starter] (Re-)joining group
2026-03-30T21:07:37.846-05:00  INFO 25280 --- [event-driven-starter] [ntainer#0-0-C-1] o.a.k.c.c.internals.ConsumerCoordinator  : [Consumer clientId=consumer-event-driven-starter-2, groupId=event-driven-starter] Request joining group due to: need to re-join with the given member-id: consumer-event-driven-starter-2-8dcd0fd3-2567-43a4-8a4b-3c794766a1ca
2026-03-30T21:07:37.846-05:00  INFO 25280 --- [event-driven-starter] [ner#0-dlt-0-C-1] o.a.k.c.c.internals.ConsumerCoordinator  : [Consumer clientId=consumer-event-driven-starter-1, groupId=event-driven-starter] Request joining group due to: need to re-join with the given member-id: consumer-event-driven-starter-1-324d85f2-a007-4271-a387-a5a64c275e7b
2026-03-30T21:07:37.847-05:00  INFO 25280 --- [event-driven-starter] [r#0-retry-0-C-1] o.a.k.c.c.internals.ConsumerCoordinator  : [Consumer clientId=consumer-event-driven-starter-3, groupId=event-driven-starter] Request joining group due to: need to re-join with the given member-id: consumer-event-driven-starter-3-14d63c47-73f2-4928-ad00-3a19cd47677e
2026-03-30T21:07:37.847-05:00  INFO 25280 --- [event-driven-starter] [ntainer#0-0-C-1] o.a.k.c.c.internals.ConsumerCoordinator  : [Consumer clientId=consumer-event-driven-starter-2, groupId=event-driven-starter] (Re-)joining group
2026-03-30T21:07:37.847-05:00  INFO 25280 --- [event-driven-starter] [r#0-retry-0-C-1] o.a.k.c.c.internals.ConsumerCoordinator  : [Consumer clientId=consumer-event-driven-starter-3, groupId=event-driven-starter] (Re-)joining group
2026-03-30T21:07:37.848-05:00  INFO 25280 --- [event-driven-starter] [ner#0-dlt-0-C-1] o.a.k.c.c.internals.ConsumerCoordinator  : [Consumer clientId=consumer-event-driven-starter-1, groupId=event-driven-starter] (Re-)joining group
2026-03-30T21:07:37.879-05:00  INFO 25280 --- [event-driven-starter] [r#0-retry-0-C-1] o.a.k.c.c.internals.ConsumerCoordinator  : [Consumer clientId=consumer-event-driven-starter-3, groupId=event-driven-starter] Successfully joined group with generation Generation{generationId=1, memberId='consumer-event-driven-starter-3-14d63c47-73f2-4928-ad00-3a19cd47677e', protocol='range'}
2026-03-30T21:07:37.884-05:00  INFO 25280 --- [event-driven-starter] [ntainer#0-0-C-1] o.a.k.c.c.internals.ConsumerCoordinator  : [Consumer clientId=consumer-event-driven-starter-2, groupId=event-driven-starter] Successfully joined group with generation Generation{generationId=1, memberId='consumer-event-driven-starter-2-8dcd0fd3-2567-43a4-8a4b-3c794766a1ca', protocol='range'}
2026-03-30T21:07:37.885-05:00  INFO 25280 --- [event-driven-starter] [ner#0-dlt-0-C-1] o.a.k.c.c.internals.ConsumerCoordinator  : [Consumer clientId=consumer-event-driven-starter-1, groupId=event-driven-starter] Successfully joined group with generation Generation{generationId=1, memberId='consumer-event-driven-starter-1-324d85f2-a007-4271-a387-a5a64c275e7b', protocol='range'}
2026-03-30T21:07:37.922-05:00  INFO 25280 --- [event-driven-starter] [r#0-retry-0-C-1] o.a.k.c.c.internals.ConsumerCoordinator  : [Consumer clientId=consumer-event-driven-starter-3, groupId=event-driven-starter] Finished assignment for group at generation 1: {consumer-event-driven-starter-3-14d63c47-73f2-4928-ad00-3a19cd47677e=Assignment(partitions=[orders-topic-retry-0]), consumer-event-driven-starter-1-324d85f2-a007-4271-a387-a5a64c275e7b=Assignment(partitions=[orders-topic-dlt-0]), consumer-event-driven-starter-2-8dcd0fd3-2567-43a4-8a4b-3c794766a1ca=Assignment(partitions=[orders-topic-0])}
2026-03-30T21:07:37.990-05:00  INFO 25280 --- [event-driven-starter] [ner#0-dlt-0-C-1] o.a.k.c.c.internals.ConsumerCoordinator  : [Consumer clientId=consumer-event-driven-starter-1, groupId=event-driven-starter] Successfully synced group in generation Generation{generationId=1, memberId='consumer-event-driven-starter-1-324d85f2-a007-4271-a387-a5a64c275e7b', protocol='range'}
2026-03-30T21:07:37.990-05:00  INFO 25280 --- [event-driven-starter] [ntainer#0-0-C-1] o.a.k.c.c.internals.ConsumerCoordinator  : [Consumer clientId=consumer-event-driven-starter-2, groupId=event-driven-starter] Successfully synced group in generation Generation{generationId=1, memberId='consumer-event-driven-starter-2-8dcd0fd3-2567-43a4-8a4b-3c794766a1ca', protocol='range'}
2026-03-30T21:07:37.992-05:00  INFO 25280 --- [event-driven-starter] [ntainer#0-0-C-1] o.a.k.c.c.internals.ConsumerCoordinator  : [Consumer clientId=consumer-event-driven-starter-2, groupId=event-driven-starter] Notifying assignor about the new Assignment(partitions=[orders-topic-0])
2026-03-30T21:07:37.992-05:00  INFO 25280 --- [event-driven-starter] [ner#0-dlt-0-C-1] o.a.k.c.c.internals.ConsumerCoordinator  : [Consumer clientId=consumer-event-driven-starter-1, groupId=event-driven-starter] Notifying assignor about the new Assignment(partitions=[orders-topic-dlt-0])
2026-03-30T21:07:37.992-05:00  INFO 25280 --- [event-driven-starter] [r#0-retry-0-C-1] o.a.k.c.c.internals.ConsumerCoordinator  : [Consumer clientId=consumer-event-driven-starter-3, groupId=event-driven-starter] Successfully synced group in generation Generation{generationId=1, memberId='consumer-event-driven-starter-3-14d63c47-73f2-4928-ad00-3a19cd47677e', protocol='range'}
2026-03-30T21:07:37.992-05:00  INFO 25280 --- [event-driven-starter] [r#0-retry-0-C-1] o.a.k.c.c.internals.ConsumerCoordinator  : [Consumer clientId=consumer-event-driven-starter-3, groupId=event-driven-starter] Notifying assignor about the new Assignment(partitions=[orders-topic-retry-0])
2026-03-30T21:07:37.993-05:00  INFO 25280 --- [event-driven-starter] [           main] p.r.events.rest.EventControllerIT        : Started EventControllerIT in 11.209 seconds (process running for 34.501)
2026-03-30T21:07:38.003-05:00  INFO 25280 --- [event-driven-starter] [r#0-retry-0-C-1] k.c.c.i.ConsumerRebalanceListenerInvoker : [Consumer clientId=consumer-event-driven-starter-3, groupId=event-driven-starter] Adding newly assigned partitions: orders-topic-retry-0
2026-03-30T21:07:38.003-05:00  INFO 25280 --- [event-driven-starter] [ntainer#0-0-C-1] k.c.c.i.ConsumerRebalanceListenerInvoker : [Consumer clientId=consumer-event-driven-starter-2, groupId=event-driven-starter] Adding newly assigned partitions: orders-topic-0
2026-03-30T21:07:38.003-05:00  INFO 25280 --- [event-driven-starter] [ner#0-dlt-0-C-1] k.c.c.i.ConsumerRebalanceListenerInvoker : [Consumer clientId=consumer-event-driven-starter-1, groupId=event-driven-starter] Adding newly assigned partitions: orders-topic-dlt-0
2026-03-30T21:07:38.035-05:00  INFO 25280 --- [event-driven-starter] [ner#0-dlt-0-C-1] o.a.k.c.c.internals.ConsumerCoordinator  : [Consumer clientId=consumer-event-driven-starter-1, groupId=event-driven-starter] Found no committed offset for partition orders-topic-dlt-0
2026-03-30T21:07:38.035-05:00  INFO 25280 --- [event-driven-starter] [ntainer#0-0-C-1] o.a.k.c.c.internals.ConsumerCoordinator  : [Consumer clientId=consumer-event-driven-starter-2, groupId=event-driven-starter] Found no committed offset for partition orders-topic-0
2026-03-30T21:07:38.035-05:00  INFO 25280 --- [event-driven-starter] [r#0-retry-0-C-1] o.a.k.c.c.internals.ConsumerCoordinator  : [Consumer clientId=consumer-event-driven-starter-3, groupId=event-driven-starter] Found no committed offset for partition orders-topic-retry-0
2026-03-30T21:07:38.078-05:00  INFO 25280 --- [event-driven-starter] [r#0-retry-0-C-1] o.a.k.c.c.internals.SubscriptionState    : [Consumer clientId=consumer-event-driven-starter-3, groupId=event-driven-starter] Resetting offset for partition orders-topic-retry-0 to position FetchPosition{offset=0, offsetEpoch=Optional.empty, currentLeader=LeaderAndEpoch{leader=Optional[localhost:53917 (id: 1 rack: null)], epoch=0}}.
2026-03-30T21:07:38.078-05:00  INFO 25280 --- [event-driven-starter] [ner#0-dlt-0-C-1] o.a.k.c.c.internals.SubscriptionState    : [Consumer clientId=consumer-event-driven-starter-1, groupId=event-driven-starter] Resetting offset for partition orders-topic-dlt-0 to position FetchPosition{offset=0, offsetEpoch=Optional.empty, currentLeader=LeaderAndEpoch{leader=Optional[localhost:53917 (id: 1 rack: null)], epoch=0}}.
2026-03-30T21:07:38.078-05:00  INFO 25280 --- [event-driven-starter] [ntainer#0-0-C-1] o.a.k.c.c.internals.SubscriptionState    : [Consumer clientId=consumer-event-driven-starter-2, groupId=event-driven-starter] Resetting offset for partition orders-topic-0 to position FetchPosition{offset=0, offsetEpoch=Optional.empty, currentLeader=LeaderAndEpoch{leader=Optional[localhost:53917 (id: 1 rack: null)], epoch=0}}.
2026-03-30T21:07:38.080-05:00  INFO 25280 --- [event-driven-starter] [ner#0-dlt-0-C-1] o.s.k.l.KafkaMessageListenerContainer    : event-driven-starter: partitions assigned: [orders-topic-dlt-0]
2026-03-30T21:07:38.080-05:00  INFO 25280 --- [event-driven-starter] [r#0-retry-0-C-1] o.s.k.l.KafkaMessageListenerContainer    : event-driven-starter: partitions assigned: [orders-topic-retry-0]
2026-03-30T21:07:38.080-05:00  INFO 25280 --- [event-driven-starter] [ntainer#0-0-C-1] o.s.k.l.KafkaMessageListenerContainer    : event-driven-starter: partitions assigned: [orders-topic-0]
2026-03-30T21:07:39.620-05:00  INFO 25280 --- [event-driven-starter] [o-auto-1-exec-1] o.a.c.c.C.[Tomcat].[localhost].[/]       : Initializing Spring DispatcherServlet 'dispatcherServlet'
2026-03-30T21:07:39.620-05:00  INFO 25280 --- [event-driven-starter] [o-auto-1-exec-1] o.s.web.servlet.DispatcherServlet        : Initializing Servlet 'dispatcherServlet'
2026-03-30T21:07:39.624-05:00  INFO 25280 --- [event-driven-starter] [o-auto-1-exec-1] o.s.web.servlet.DispatcherServlet        : Completed initialization in 4 ms
2026-03-30T21:07:39.796-05:00  INFO 25280 --- [event-driven-starter] [o-auto-1-exec-1] p.r.e.kafka.producer.OrderEventProducer  : Publishing OrderEvent to topic 'orders-topic': OrderEvent[orderId=ORD-001, status=CREATED, timestamp=2026-03-30T17:00:00Z]
2026-03-30T21:07:39.815-05:00  INFO 25280 --- [event-driven-starter] [o-auto-1-exec-1] o.a.k.clients.producer.ProducerConfig    : ProducerConfig values: 
	acks = -1
	auto.include.jmx.reporter = true
	batch.size = 16384
	bootstrap.servers = [PLAINTEXT://localhost:53917]
	buffer.memory = 33554432
	client.dns.lookup = use_all_dns_ips
	client.id = event-driven-starter-producer-1
	compression.gzip.level = -1
	compression.lz4.level = 9
	compression.type = none
	compression.zstd.level = 3
	connections.max.idle.ms = 540000
	delivery.timeout.ms = 120000
	enable.idempotence = true
	enable.metrics.push = true
	interceptor.classes = []
	key.serializer = class org.apache.kafka.common.serialization.StringSerializer
	linger.ms = 0
	max.block.ms = 60000
	max.in.flight.requests.per.connection = 5
	max.request.size = 1048576
	metadata.max.age.ms = 300000
	metadata.max.idle.ms = 300000
	metadata.recovery.strategy = none
	metric.reporters = []
	metrics.num.samples = 2
	metrics.recording.level = INFO
	metrics.sample.window.ms = 30000
	partitioner.adaptive.partitioning.enable = true
	partitioner.availability.timeout.ms = 0
	partitioner.class = null
	partitioner.ignore.keys = false
	receive.buffer.bytes = 32768
	reconnect.backoff.max.ms = 1000
	reconnect.backoff.ms = 50
	request.timeout.ms = 30000
	retries = 2147483647
	retry.backoff.max.ms = 1000
	retry.backoff.ms = 100
	sasl.client.callback.handler.class = null
	sasl.jaas.config = null
	sasl.kerberos.kinit.cmd = /usr/bin/kinit
	sasl.kerberos.min.time.before.relogin = 60000
	sasl.kerberos.service.name = null
	sasl.kerberos.ticket.renew.jitter = 0.05
	sasl.kerberos.ticket.renew.window.factor = 0.8
	sasl.login.callback.handler.class = null
	sasl.login.class = null
	sasl.login.connect.timeout.ms = null
	sasl.login.read.timeout.ms = null
	sasl.login.refresh.buffer.seconds = 300
	sasl.login.refresh.min.period.seconds = 60
	sasl.login.refresh.window.factor = 0.8
	sasl.login.refresh.window.jitter = 0.05
	sasl.login.retry.backoff.max.ms = 10000
	sasl.login.retry.backoff.ms = 100
	sasl.mechanism = GSSAPI
	sasl.oauthbearer.clock.skew.seconds = 30
	sasl.oauthbearer.expected.audience = null
	sasl.oauthbearer.expected.issuer = null
	sasl.oauthbearer.header.urlencode = false
	sasl.oauthbearer.jwks.endpoint.refresh.ms = 3600000
	sasl.oauthbearer.jwks.endpoint.retry.backoff.max.ms = 10000
	sasl.oauthbearer.jwks.endpoint.retry.backoff.ms = 100
	sasl.oauthbearer.jwks.endpoint.url = null
	sasl.oauthbearer.scope.claim.name = scope
	sasl.oauthbearer.sub.claim.name = sub
	sasl.oauthbearer.token.endpoint.url = null
	security.protocol = PLAINTEXT
	security.providers = null
	send.buffer.bytes = 131072
	socket.connection.setup.timeout.max.ms = 30000
	socket.connection.setup.timeout.ms = 10000
	ssl.cipher.suites = null
	ssl.enabled.protocols = [TLSv1.2, TLSv1.3]
	ssl.endpoint.identification.algorithm = https
	ssl.engine.factory.class = null
	ssl.key.password = null
	ssl.keymanager.algorithm = SunX509
	ssl.keystore.certificate.chain = null
	ssl.keystore.key = null
	ssl.keystore.location = null
	ssl.keystore.password = null
	ssl.keystore.type = JKS
	ssl.protocol = TLSv1.3
	ssl.provider = null
	ssl.secure.random.implementation = null
	ssl.trustmanager.algorithm = PKIX
	ssl.truststore.certificates = null
	ssl.truststore.location = null
	ssl.truststore.password = null
	ssl.truststore.type = JKS
	transaction.timeout.ms = 60000
	transactional.id = null
	value.serializer = class org.springframework.kafka.support.serializer.JsonSerializer

2026-03-30T21:07:39.816-05:00  INFO 25280 --- [event-driven-starter] [o-auto-1-exec-1] o.a.k.c.t.i.KafkaMetricsCollector        : initializing Kafka metrics collector
2026-03-30T21:07:39.839-05:00  INFO 25280 --- [event-driven-starter] [o-auto-1-exec-1] o.a.k.clients.producer.KafkaProducer     : [Producer clientId=event-driven-starter-producer-1] Instantiated an idempotent producer.
2026-03-30T21:07:39.880-05:00  INFO 25280 --- [event-driven-starter] [o-auto-1-exec-1] o.a.kafka.common.utils.AppInfoParser     : Kafka version: 3.9.2
2026-03-30T21:07:39.881-05:00  INFO 25280 --- [event-driven-starter] [o-auto-1-exec-1] o.a.kafka.common.utils.AppInfoParser     : Kafka commitId: 5e9866f43ab8e7e4
2026-03-30T21:07:39.881-05:00  INFO 25280 --- [event-driven-starter] [o-auto-1-exec-1] o.a.kafka.common.utils.AppInfoParser     : Kafka startTimeMs: 1774922859880
2026-03-30T21:07:39.898-05:00  INFO 25280 --- [event-driven-starter] [rter-producer-1] org.apache.kafka.clients.Metadata        : [Producer clientId=event-driven-starter-producer-1] Cluster ID: 4kpi4NU_Rvaf5kmh4CQ2hg
2026-03-30T21:07:40.031-05:00  INFO 25280 --- [event-driven-starter] [rter-producer-1] o.a.k.c.p.internals.TransactionManager   : [Producer clientId=event-driven-starter-producer-1] ProducerId set to 0 with epoch 0
2026-03-30T21:07:40.118-05:00  INFO 25280 --- [event-driven-starter] [ntainer#0-0-C-1] p.r.e.kafka.consumer.OrderEventConsumer  : Received OrderEvent: OrderEvent[orderId=ORD-001, status=CREATED, timestamp=2026-03-30T17:00:00Z]
]]></system-out>
    <system-err><![CDATA[Mockito is currently self-attaching to enable the inline-mock-maker. This will no longer work in future releases of the JDK. Please add Mockito as an agent to your build as described in Mockito's documentation: https://javadoc.io/doc/org.mockito/mockito-core/latest/org.mockito/org/mockito/Mockito.html#0.3
WARNING: A Java agent has been loaded dynamically (C:\Users\reste\.m2\repository\net\bytebuddy\byte-buddy-agent\1.17.8\byte-buddy-agent-1.17.8.jar)
WARNING: If a serviceability tool is in use, please run with -XX:+EnableDynamicAgentLoading to hide this warning
WARNING: If a serviceability tool is not in use, please run with -Djdk.instrument.traceUsage for more information
WARNING: Dynamic loading of agents will be disallowed by default in a future release
]]></system-err>
  </testcase>
  <testcase name="postRabbitEvent_shouldReturn2xx" classname="pe.resteban.events.rest.EventControllerIT" time="0.063">
    <system-out><![CDATA[2026-03-30T21:07:40.210-05:00  INFO 25280 --- [event-driven-starter] [o-auto-1-exec-2] p.r.e.r.publisher.NotificationPublisher  : Publishing NotificationMessage to exchange 'notifications.exchange' with routing key 'notification': NotificationMessage[id=MSG-001, type=EMAIL, payload=test payload]
]]></system-out>
  </testcase>
</testsuite>